Arguments: 
  /home/lalit/.nvm/versions/node/v10.16.1/bin/node /usr/share/yarn/bin/yarn.js

PATH: 
  /home/lalit/.rbenv/shims:/home/lalit/.rbenv/bin:/home/lalit/.pyenv/shims:/home/linuxbrew/.linuxbrew/bin:/home/linuxbrew/.linuxbrew/sbin:/home/lalit/.rbenv/shims:/home/lalit/.rbenv/bin:/home/lalit/.pyenv/shims:/home/linuxbrew/.linuxbrew/bin:/home/linuxbrew/.linuxbrew/sbin:/home/lalit/.nvm/versions/node/v10.16.1/bin:/home/lalit/.local/bin:/usr/local/sbin:/usr/local/bin:/usr/sbin:/usr/bin:/sbin:/bin:/usr/games:/usr/local/games:/snap/bin:/home/lalit/.pyenv/bin:/snap/bin:/home/linuxbrew/.linuxbrew/opt/fzf/bin:/home/lalit/Android/Sdk/tools:/home/lalit/Android/Sdk/platform-tools:/snap/bin:/home/lalit/Android/Sdk/tools:/home/lalit/Android/Sdk/platform-tools

Yarn version: 
  1.17.3

Node version: 
  10.16.1

Platform: 
  linux x64

Trace: 
  Error: getaddrinfo ENOTFOUND registry.yarnpkg.com registry.yarnpkg.com:443
      at GetAddrInfoReqWrap.onlookup [as oncomplete] (dns.js:56:26)

npm manifest: 
  {
    "name": "portfolio",
    "version": "0.1.0",
    "private": true,
    "dependencies": {
      "@fortawesome/fontawesome": "^1.1.8",
      "@fortawesome/fontawesome-free-brands": "^5.0.13",
      "@fortawesome/fontawesome-free-solid": "^5.0.13",
      "@fortawesome/fontawesome-svg-core": "^1.2.19",
      "@fortawesome/free-solid-svg-icons": "^5.9.0",
      "@fortawesome/react-fontawesome": "^0.1.4",
      "@material-ui/core": "^4.2.0",
      "@material-ui/icons": "^4.2.1",
      "axios": "^0.19.0",
      "classnames": "^2.2.6",
      "history": "^4.9.0",
      "jquery": "^3.4.1",
      "node-sass": "^4.12.0",
      "prop-types": "^15.7.2",
      "react": "^16.8.6",
      "react-dom": "^16.8.6",
      "react-google-maps": "^9.4.5",
      "react-icons": "^3.7.0",
      "react-image": "^2.1.3",
      "react-on-scroll": "^0.2.2",
      "react-router-dom": "^5.0.1",
      "react-scripts": "3.0.1",
      "react-scroll": "^1.7.12",
      "react-slick": "^0.24.0",
      "react-spinkit": "^3.0.0",
      "react-typist": "^2.0.5",
      "react-typist-loop": "^0.0.5",
      "slick-carousel": "^1.8.1"
    },
    "scripts": {
      "start": "react-scripts start",
      "build": "react-scripts build",
      "test": "react-scripts test --env=jsdom",
      "eject": "react-scripts eject",
      "eslint": "eslint -c .eslintrc.json"
    },
    "devDependencies": {
      "eslint-config-airbnb": "^17.1.1",
      "eslint-config-prettier": "^6.0.0",
      "eslint-plugin-import": "^2.18.0",
      "eslint-plugin-jsx-a11y": "^6.2.3",
      "eslint-plugin-prettier": "^3.1.0",
      "eslint-plugin-react": "^7.14.2",
      "prettier": "^1.18.2"
    },
    "browserslist": [
      ">0.2%",
      "not dead",
      "not ie <= 11",
      "not op_mini all"
    ]
  }

yarn manifest: 
  No manifest

Lockfile: 
  No lockfile
